-------------------------------------------------------------------------------
Test set: com.app.stock.stockAnalyzer.client.IexApiClientTest
-------------------------------------------------------------------------------
Tests run: 4, Failures: 2, Errors: 2, Skipped: 0, Time elapsed: 2.421 s <<< FAILURE! - in com.app.stock.stockAnalyzer.client.IexApiClientTest
ensureThatStockIexApiCallReturnStatusCode200  Time elapsed: 1.057 s  <<< FAILURE!
org.opentest4j.AssertionFailedError: 

expected: 200
 but was: 402
	at com.app.stock.stockAnalyzer.client.IexApiClientTest.ensureThatStockIexApiCallReturnStatusCode200(IexApiClientTest.java:36)

ensureThatStockJsonIsReturnedAsContentType  Time elapsed: 0.45 s  <<< ERROR!
java.util.NoSuchElementException: No value present
	at com.app.stock.stockAnalyzer.client.IexApiClientTest.ensureThatStockJsonIsReturnedAsContentType(IexApiClientTest.java:44)

ensureThatCompaniesJsonIsReturnedAsContentType  Time elapsed: 0.457 s  <<< ERROR!
java.util.NoSuchElementException: No value present
	at com.app.stock.stockAnalyzer.client.IexApiClientTest.ensureThatCompaniesJsonIsReturnedAsContentType(IexApiClientTest.java:29)

ensureThatCompaniesIexApiCallReturnStatusCode200  Time elapsed: 0.448 s  <<< FAILURE!
org.opentest4j.AssertionFailedError: 

expected: 200
 but was: 402
	at com.app.stock.stockAnalyzer.client.IexApiClientTest.ensureThatCompaniesIexApiCallReturnStatusCode200(IexApiClientTest.java:20)

